D:\OPENGL\PROJECTS\THE_TRAIN NEWE1\THE_TRAIN\DEBUG\CURTAINS.OBJ
D:\OPENGL\PROJECTS\THE_TRAIN NEWE1\THE_TRAIN\DEBUG\CYLINDER.OBJ
D:\OPENGL\PROJECTS\THE_TRAIN NEWE1\THE_TRAIN\DEBUG\DRAWABLE.OBJ
D:\OPENGL\PROJECTS\THE_TRAIN NEWE1\THE_TRAIN\DEBUG\DRIVERTRAILER.OBJ
D:\OPENGL\PROJECTS\THE_TRAIN NEWE1\THE_TRAIN\DEBUG\FLOWER.OBJ
D:\OPENGL\PROJECTS\THE_TRAIN NEWE1\THE_TRAIN\DEBUG\LAMPPOST.OBJ
D:\OPENGL\PROJECTS\THE_TRAIN NEWE1\THE_TRAIN\DEBUG\LIBRARY.OBJ
D:\OPENGL\PROJECTS\THE_TRAIN NEWE1\THE_TRAIN\DEBUG\MODEL_3DS.OBJ
D:\OPENGL\PROJECTS\THE_TRAIN NEWE1\THE_TRAIN\DEBUG\PASSENGERSEAT.OBJ
D:\OPENGL\PROJECTS\THE_TRAIN NEWE1\THE_TRAIN\DEBUG\PASSENGERSTRAILER.OBJ
D:\OPENGL\PROJECTS\THE_TRAIN NEWE1\THE_TRAIN\DEBUG\POINT.OBJ
D:\OPENGL\PROJECTS\THE_TRAIN NEWE1\THE_TRAIN\DEBUG\QUAD.OBJ
D:\OPENGL\PROJECTS\THE_TRAIN NEWE1\THE_TRAIN\DEBUG\SOURCE.OBJ
D:\OPENGL\PROJECTS\THE_TRAIN NEWE1\THE_TRAIN\DEBUG\STUDYT.OBJ
D:\OPENGL\PROJECTS\THE_TRAIN NEWE1\THE_TRAIN\DEBUG\TABLE.OBJ
D:\OPENGL\PROJECTS\THE_TRAIN NEWE1\THE_TRAIN\DEBUG\TEXTURE.OBJ
D:\OPENGL\PROJECTS\THE_TRAIN NEWE1\THE_TRAIN\DEBUG\TRAILER.OBJ
D:\OPENGL\PROJECTS\THE_TRAIN NEWE1\THE_TRAIN\DEBUG\TRIANGLE.OBJ
D:\OPENGL\PROJECTS\THE_TRAIN NEWE1\THE_TRAIN\DEBUG\VASE.OBJ
D:\OPENGL\PROJECTS\THE_TRAIN NEWE1\THE_TRAIN\DEBUG\WOODENBOX.OBJ
D:\OPENGL\PROJECTS\THE_TRAIN NEWE1\THE_TRAIN\DEBUG\3DTEXTURE.OBJ
D:\OPENGL\PROJECTS\THE_TRAIN NEWE1\THE_TRAIN\DEBUG\ACCORDIONDOOR.OBJ
D:\OPENGL\PROJECTS\THE_TRAIN NEWE1\THE_TRAIN\DEBUG\ALEXTRAILER.OBJ
D:\OPENGL\PROJECTS\THE_TRAIN NEWE1\THE_TRAIN\DEBUG\BARREL.OBJ
D:\OPENGL\PROJECTS\THE_TRAIN NEWE1\THE_TRAIN\DEBUG\BOOKS.OBJ
D:\OPENGL\PROJECTS\THE_TRAIN NEWE1\THE_TRAIN\DEBUG\CAMERA.OBJ
D:\OPENGL\PROJECTS\THE_TRAIN NEWE1\THE_TRAIN\DEBUG\CAR.OBJ
D:\OPENGL\PROJECTS\THE_TRAIN NEWE1\THE_TRAIN\DEBUG\CHAIR.OBJ
D:\OPENGL\PROJECTS\THE_TRAIN NEWE1\THE_TRAIN\DEBUG\CINEMAPLOTTER.OBJ
D:\OPENGL\PROJECTS\THE_TRAIN NEWE1\THE_TRAIN\DEBUG\CIRCLE.OBJ
D:\OPENGL\PROJECTS\THE_TRAIN NEWE1\THE_TRAIN\DEBUG\COLOR.OBJ
D:\OPENGL\PROJECTS\THE_TRAIN NEWE1\THE_TRAIN\DEBUG\CUBID.OBJ
D:\OPENGL\PROJECTS\THE_TRAIN NEWE1\THE_TRAIN\DEBUG\VC110.PDB
D:\OPENGL\PROJECTS\THE_TRAIN NEWE1\DEBUG\THE_TRAIN.ILK
D:\OPENGL\PROJECTS\THE_TRAIN NEWE1\DEBUG\THE_TRAIN.EXE
D:\OPENGL\PROJECTS\THE_TRAIN NEWE1\DEBUG\THE_TRAIN.PDB
D:\openGL\Projects\The_Train newE1\The_Train\Debug\3DTexture.obj
D:\openGL\Projects\The_Train newE1\The_Train\Debug\AccordionDoor.obj
D:\openGL\Projects\The_Train newE1\The_Train\Debug\AlexTrailer.obj
D:\openGL\Projects\The_Train newE1\The_Train\Debug\Barrel.obj
D:\openGL\Projects\The_Train newE1\The_Train\Debug\Books.obj
D:\openGL\Projects\The_Train newE1\The_Train\Debug\camera.obj
D:\openGL\Projects\The_Train newE1\The_Train\Debug\car.obj
D:\openGL\Projects\The_Train newE1\The_Train\Debug\Chair.obj
D:\openGL\Projects\The_Train newE1\The_Train\Debug\CinemaPlotter.obj
D:\openGL\Projects\The_Train newE1\The_Train\Debug\Circle.obj
D:\openGL\Projects\The_Train newE1\The_Train\Debug\color.obj
D:\openGL\Projects\The_Train newE1\The_Train\Debug\cubid.obj
D:\openGL\Projects\The_Train newE1\The_Train\Debug\Curtains.obj
D:\openGL\Projects\The_Train newE1\The_Train\Debug\Cylinder.obj
D:\openGL\Projects\The_Train newE1\The_Train\Debug\Drawable.obj
D:\openGL\Projects\The_Train newE1\The_Train\Debug\DriverTrailer.obj
D:\openGL\Projects\The_Train newE1\The_Train\Debug\Flower.obj
D:\openGL\Projects\The_Train newE1\The_Train\Debug\Lamppost.obj
D:\openGL\Projects\The_Train newE1\The_Train\Debug\library.obj
D:\openGL\Projects\The_Train newE1\The_Train\Debug\Model_3DS.obj
D:\openGL\Projects\The_Train newE1\The_Train\Debug\passengerSeat.obj
D:\openGL\Projects\The_Train newE1\The_Train\Debug\PassengersTrailer.obj
D:\openGL\Projects\The_Train newE1\The_Train\Debug\Point.obj
D:\openGL\Projects\The_Train newE1\The_Train\Debug\Quad.obj
D:\openGL\Projects\The_Train newE1\The_Train\Debug\Source.obj
D:\openGL\Projects\The_Train newE1\The_Train\Debug\StudyT.obj
D:\openGL\Projects\The_Train newE1\The_Train\Debug\Table.obj
D:\openGL\Projects\The_Train newE1\The_Train\Debug\texture.obj
D:\openGL\Projects\The_Train newE1\The_Train\Debug\Trailer.obj
D:\openGL\Projects\The_Train newE1\The_Train\Debug\Triangle.obj
D:\openGL\Projects\The_Train newE1\The_Train\Debug\Vase.obj
D:\openGL\Projects\The_Train newE1\The_Train\Debug\WoodenBox.obj
D:\openGL\Projects\The_Train newE1\The_Train\Debug\cl.command.1.tlog
D:\openGL\Projects\The_Train newE1\The_Train\Debug\CL.read.1.tlog
D:\openGL\Projects\The_Train newE1\The_Train\Debug\CL.write.1.tlog
D:\openGL\Projects\The_Train newE1\The_Train\Debug\link-cvtres.read.1.tlog
D:\openGL\Projects\The_Train newE1\The_Train\Debug\link-cvtres.write.1.tlog
D:\openGL\Projects\The_Train newE1\The_Train\Debug\link-rc.read.1.tlog
D:\openGL\Projects\The_Train newE1\The_Train\Debug\link-rc.write.1.tlog
D:\openGL\Projects\The_Train newE1\The_Train\Debug\link.10584-cvtres.read.1.tlog
D:\openGL\Projects\The_Train newE1\The_Train\Debug\link.10584-cvtres.write.1.tlog
D:\openGL\Projects\The_Train newE1\The_Train\Debug\link.10584-rc.read.1.tlog
D:\openGL\Projects\The_Train newE1\The_Train\Debug\link.10584-rc.write.1.tlog
D:\openGL\Projects\The_Train newE1\The_Train\Debug\link.10584.read.1.tlog
D:\openGL\Projects\The_Train newE1\The_Train\Debug\link.10584.write.1.tlog
D:\openGL\Projects\The_Train newE1\The_Train\Debug\link.10616-cvtres.read.1.tlog
D:\openGL\Projects\The_Train newE1\The_Train\Debug\link.10616-cvtres.write.1.tlog
D:\openGL\Projects\The_Train newE1\The_Train\Debug\link.10616-rc.read.1.tlog
D:\openGL\Projects\The_Train newE1\The_Train\Debug\link.10616-rc.write.1.tlog
D:\openGL\Projects\The_Train newE1\The_Train\Debug\link.10616.read.1.tlog
D:\openGL\Projects\The_Train newE1\The_Train\Debug\link.10616.write.1.tlog
D:\openGL\Projects\The_Train newE1\The_Train\Debug\link.command.1.tlog
D:\openGL\Projects\The_Train newE1\The_Train\Debug\link.read.1.tlog
D:\openGL\Projects\The_Train newE1\The_Train\Debug\link.write.1.tlog
D:\openGL\Projects\The_Train newE1\The_Train\Debug\vc110.idb
D:\openGL\Projects\The_Train newE1\The_Train\Debug\vc110.pdb
D:\openGL\Projects\The_Train newE1\Debug\The_Train.pdb
D:\openGL\Projects\The_Train newE1\Debug\The_Train.exe
D:\openGL\Projects\The_Train newE1\Debug\The_Train.ilk
